<?xml version="1.0" encoding="UTF-8"?>
<!-- Generated by org.testng.reporters.JUnitReportReporter -->
<testsuite skipped="0" hostname="aefimov-PC" name="com.w2a.testcases.LoginTest" tests="1" failures="0" timestamp="11 Oct 2018 08:02:23 GMT" time="3.722" errors="0">
  <testcase name="LoginAsBankManager" time="3.722" classname="com.w2a.testcases.LoginTest"/>
</testsuite> <!-- com.w2a.testcases.LoginTest -->
