<?xml version="1.0" encoding="UTF-8"?>
<!-- Generated by org.testng.reporters.JUnitReportReporter -->
<testsuite skipped="0" hostname="aefimov-PC" name="com.w2a.testcases.AddCustomerTest" tests="1" failures="0" timestamp="11 Oct 2018 09:20:35 GMT" time="2.584" errors="0">
  <testcase name="addCustomer" time="2.584" classname="com.w2a.testcases.AddCustomerTest"/>
</testsuite> <!-- com.w2a.testcases.AddCustomerTest -->
